Mon, 19 Jun 2017 21:42:40 _internal.py[line:87] WARNING  * Debugger is active!
Mon, 19 Jun 2017 21:42:40 _internal.py[line:87] INFO  * Debugger pin code: 696-220-194
Mon, 19 Jun 2017 21:42:56 _internal.py[line:87] INFO 127.0.0.1 - - [19/Jun/2017 21:42:56] "GET /search HTTP/1.1" 200 -
Mon, 19 Jun 2017 21:42:58 _internal.py[line:87] INFO 127.0.0.1 - - [19/Jun/2017 21:42:58] "GET /crawl HTTP/1.1" 200 -
Mon, 19 Jun 2017 21:43:15 connectionpool.py[line:214] INFO Starting new HTTP connection (1): xui.ptlogin2.qq.com
Mon, 19 Jun 2017 21:43:15 connectionpool.py[line:214] INFO Starting new HTTP connection (1): check.ptlogin2.qq.com
Mon, 19 Jun 2017 21:43:16 connectionpool.py[line:214] INFO Starting new HTTP connection (1): ptlogin2.qq.com
Mon, 19 Jun 2017 21:43:16 qq.py[line:340] INFO ptuiCB('0','0','http://ptlogin2.qzone.qq.com/check_sig?pttype=1&uin=1531474354&service=login&nodirect=0&ptsigx=244c54fe92b91ad17497396db7ff43ee7c0b5f362177a750329362d5e70e348478522640e7448d3344d08689aa9d6591321c046307ef519ee365efa1b72796fa&s_url=http%3A%2F%2Fqzs.qq.com%2Fqzone%2Fv5%2Floginsucc.html%3Fpara%3Dizone&f_url=&ptlang=2052&ptredirect=100&aid=549000912&daid=5&j_later=0&low_login_hour=0&regmaster=0&pt_login_type=1&pt_aid=0&pt_aaid=0&pt_light=0&pt_3rd_aid=0','0','登录成功！', '青原行思');

Mon, 19 Jun 2017 21:43:16 connectionpool.py[line:214] INFO Starting new HTTP connection (1): ptlogin2.qzone.qq.com
Mon, 19 Jun 2017 21:43:16 connectionpool.py[line:214] INFO Starting new HTTP connection (1): qzs.qq.com
Mon, 19 Jun 2017 21:43:16 qq.py[line:453] INFO [QQ]Visiting qzone:cookie set properly
Mon, 19 Jun 2017 21:43:16 qq.py[line:357] INFO Login in successful.
Mon, 19 Jun 2017 21:43:16 connectionpool.py[line:805] INFO Starting new HTTPS connection (1): h5.qzone.qq.com
Mon, 19 Jun 2017 21:43:17 qq.py[line:639] INFO 获取成功
Mon, 19 Jun 2017 21:43:18 qq.py[line:844] INFO Parsing page 1/26
Mon, 19 Jun 2017 21:43:18 qq.py[line:844] INFO Parsing page 2/26
Mon, 19 Jun 2017 21:43:19 qq.py[line:844] INFO Parsing page 3/26
Mon, 19 Jun 2017 21:43:19 qq.py[line:844] INFO Parsing page 4/26
Mon, 19 Jun 2017 21:43:20 qq.py[line:844] INFO Parsing page 5/26
Mon, 19 Jun 2017 21:43:20 _internal.py[line:87] INFO 127.0.0.1 - - [19/Jun/2017 21:43:20] "POST /qq HTTP/1.1" 200 -
