Tue, 30 May 2017 22:13:23 connectionpool.py[line:214] INFO Starting new HTTP connection (1): xui.ptlogin2.qq.com
Tue, 30 May 2017 22:13:23 connectionpool.py[line:214] INFO Starting new HTTP connection (1): check.ptlogin2.qq.com
Tue, 30 May 2017 22:13:23 connectionpool.py[line:214] INFO Starting new HTTP connection (1): ptlogin2.qq.com
Tue, 30 May 2017 22:13:24 qq.py[line:325] INFO ptuiCB('0','0','http://ptlogin2.qzone.qq.com/check_sig?pttype=1&uin=1531474354&service=login&nodirect=0&ptsigx=adf59d53e4ec176c0f42d8522b6d4fecc0ea90655a361b2cb42c76bb1f5927150ae5e0a62c902544661ff0dbcd40231b6d2abeb61d1abb8b8eaaf12f58052ac7&s_url=http%3A%2F%2Fqzs.qq.com%2Fqzone%2Fv5%2Floginsucc.html%3Fpara%3Dizone&f_url=&ptlang=2052&ptredirect=100&aid=549000912&daid=5&j_later=0&low_login_hour=0&regmaster=0&pt_login_type=1&pt_aid=0&pt_aaid=0&pt_light=0&pt_3rd_aid=0','0','登录成功！', '青原行思');

Tue, 30 May 2017 22:13:24 connectionpool.py[line:214] INFO Starting new HTTP connection (1): ptlogin2.qzone.qq.com
Tue, 30 May 2017 22:13:24 connectionpool.py[line:214] INFO Starting new HTTP connection (1): qzs.qq.com
Tue, 30 May 2017 22:13:24 qq.py[line:437] INFO [QQ]Visiting qzone:cookie set properly
Tue, 30 May 2017 22:13:24 qq.py[line:341] INFO Login in successful.
Tue, 30 May 2017 22:13:24 connectionpool.py[line:805] INFO Starting new HTTPS connection (1): h5.qzone.qq.com
Tue, 30 May 2017 22:13:24 qq.py[line:816] INFO Parsing page 1/26
Tue, 30 May 2017 22:13:25 qq.py[line:816] INFO Parsing page 2/26
Tue, 30 May 2017 22:13:26 qq.py[line:816] INFO Parsing page 3/26
Tue, 30 May 2017 22:13:26 qq.py[line:816] INFO Parsing page 4/26
Tue, 30 May 2017 22:13:26 qq.py[line:816] INFO Parsing page 5/26
Tue, 30 May 2017 22:13:27 qq.py[line:816] INFO Parsing page 6/26
Tue, 30 May 2017 22:13:27 qq.py[line:816] INFO Parsing page 7/26
Tue, 30 May 2017 22:13:28 qq.py[line:816] INFO Parsing page 8/26
Tue, 30 May 2017 22:13:28 qq.py[line:816] INFO Parsing page 9/26
Tue, 30 May 2017 22:13:28 qq.py[line:816] INFO Parsing page 10/26
Tue, 30 May 2017 22:13:29 qq.py[line:816] INFO Parsing page 11/26
Tue, 30 May 2017 22:13:30 qq.py[line:816] INFO Parsing page 12/26
Tue, 30 May 2017 22:13:30 qq.py[line:816] INFO Parsing page 13/26
Tue, 30 May 2017 22:13:30 qq.py[line:816] INFO Parsing page 14/26
Tue, 30 May 2017 22:13:31 qq.py[line:816] INFO Parsing page 15/26
Tue, 30 May 2017 22:13:32 qq.py[line:816] INFO Parsing page 16/26
Tue, 30 May 2017 22:13:32 qq.py[line:816] INFO Parsing page 17/26
Tue, 30 May 2017 22:13:32 qq.py[line:816] INFO Parsing page 18/26
Tue, 30 May 2017 22:13:33 qq.py[line:816] INFO Parsing page 19/26
Tue, 30 May 2017 22:13:34 qq.py[line:816] INFO Parsing page 20/26
Tue, 30 May 2017 22:13:34 qq.py[line:816] INFO Parsing page 21/26
Tue, 30 May 2017 22:13:34 qq.py[line:816] INFO Parsing page 22/26
Tue, 30 May 2017 22:13:35 qq.py[line:816] INFO Parsing page 23/26
Tue, 30 May 2017 22:13:36 qq.py[line:816] INFO Parsing page 24/26
Tue, 30 May 2017 22:13:36 qq.py[line:816] INFO Parsing page 25/26
Tue, 30 May 2017 22:13:36 qq.py[line:816] INFO Parsing page 26/26
